Here are examples (from the train set):
Sample 1 - Index: 0
Input Sequence: ['aspect', 'first:', 'But', 'the', 'staff', 'was', 'so', 'horrible', 'to', 'us', '.']
Target Sequence: [([2], [5], 'NEG')]
Aspect Label: tensor([[0, 0, 0, 0, 2, 0, 0, 0, 0, 0, 0, 0]])
Opinion Label: tensor([[0, 0, 0, 0, 0, 0, 0, 2, 0, 0, 0, 0]])
Marker Position: tensor([[1, 0, 0, 0, 2, 0, 0, 0, 3, 0, 0, 0]])
Word Index: tensor([[1, 0, 0, 0, 0, 0, 0, 0, 0, 0, 0, 0, 0, 0],
        [0, 1, 1, 0, 0, 0, 0, 0, 0, 0, 0, 0, 0, 0],
        [0, 0, 0, 1, 0, 0, 0, 0, 0, 0, 0, 0, 0, 0],
        [0, 0, 0, 0, 1, 0, 0, 0, 0, 0, 0, 0, 0, 0],
        [0, 0, 0, 0, 0, 1, 0, 0, 0, 0, 0, 0, 0, 0],
        [0, 0, 0, 0, 0, 0, 1, 0, 0, 0, 0, 0, 0, 0],
        [0, 0, 0, 0, 0, 0, 0, 1, 0, 0, 0, 0, 0, 0],
        [0, 0, 0, 0, 0, 0, 0, 0, 1, 0, 0, 0, 0, 0],
        [0, 0, 0, 0, 0, 0, 0, 0, 0, 1, 0, 0, 0, 0],
        [0, 0, 0, 0, 0, 0, 0, 0, 0, 0, 1, 0, 0, 0],
        [0, 0, 0, 0, 0, 0, 0, 0, 0, 0, 0, 1, 1, 0],
        [0, 0, 0, 0, 0, 0, 0, 0, 0, 0, 0, 0, 0, 1]])
Word Mask: tensor([1, 1, 1, 1, 1, 1, 1, 1, 1, 1, 1, 1])
Next IDs: {1: [6], -1: [], 0: [], 10: [299], 299: [8, 6], 8: [871, 6], 871: [47, 6], 47: [78, 6], 78: [17425, 6], 17425: [12, 6], 12: [178, 6], 178: [3, 6], 3: [5], 5: [1, 6]}
Marker Order: aspect
input_ids: tensor([ 2663,   166,    10,   299,     8,   871,    47,    78, 17425,    12,
          178,     3,     5,     1])
labels: tensor([ 2663,    10,   871,     6,  3474,    10, 17425,     6,  6493,    10,
         2841,     1])
